<?xml version="1.0" encoding="UTF-8"?>
<testsuite xmlns:xsi="http://www.w3.org/2001/XMLSchema-instance" xsi:noNamespaceSchemaLocation="https://maven.apache.org/surefire/maven-surefire-plugin/xsd/surefire-test-report-3.0.xsd" version="3.0" name="cn.wlf.Homework1ApplicationTests" time="3.595" tests="1" errors="0" skipped="0" failures="0">
  <properties>
[...]
</properties>
  <testcase name="contextLoads" classname="cn.wlf.Homework1ApplicationTests" time="0.961">
    <system-out><![CDATA[10:45:46.131 [main] INFO org.springframework.test.context.support.AnnotationConfigContextLoaderUtils -- Could not detect default configuration classes for test class [cn.wlf.Homework1ApplicationTests]: Homework1ApplicationTests does not declare any static, non-private, non-final, nested classes annotated with @Configuration.
10:45:46.261 [main] INFO org.springframework.boot.test.context.SpringBootTestContextBootstrapper -- Found @SpringBootConfiguration cn.wlf.Homework1Application for test class cn.wlf.Homework1ApplicationTests
  .   ____          _            __ _ _
 /\\ / ___'_ __ _ _(_)_ __  __ _ \ \ \ \
( ( )\___ | '_ | '_| | '_ \/ _` | \ \ \ \
 \\/  ___)| |_)| | | | | || (_| |  ) ) ) )
  '  |____| .__|_| |_|_| |_\__, | / / / /
 =========|_|==============|___/=/_/_/_/

 :: Spring Boot ::                (v3.3.0)

2024-07-12T10:45:46.745+08:00  INFO 2620 --- [           main] cn.wlf.Homework1ApplicationTests         : Starting Homework1ApplicationTests using Java 17.0.9 with PID 2620 (started by wlf in D:\javacode\homework1)
2024-07-12T10:45:46.746+08:00  INFO 2620 --- [           main] cn.wlf.Homework1ApplicationTests         : No active profile set, falling back to 1 default profile: "default"
2024-07-12T10:45:48.566+08:00  INFO 2620 --- [           main] cn.wlf.Homework1ApplicationTests         : Started Homework1ApplicationTests in 2.127 seconds (process running for 3.145)
]]></system-out>
  </testcase>
</testsuite>